This file contains any messages produced by compilers while
running configure, to aid debugging if configure makes a mistake.

It was created by Valgrind configure 3.6.1, which was
generated by GNU Autoconf 2.65.  Invocation command line was

  $ ./configure 

## --------- ##
## Platform. ##
## --------- ##

hostname = DaVinci
uname -m = x86_64
uname -r = 3.13.0-54-generic
uname -s = Linux
uname -v = #91-Ubuntu SMP Tue May 26 19:15:08 UTC 2015

/usr/bin/uname -p = unknown
/bin/uname -X     = unknown

/bin/arch              = unknown
/usr/bin/arch -k       = unknown
/usr/convex/getsysinfo = unknown
/usr/bin/hostinfo      = unknown
/bin/machine           = unknown
/usr/bin/oslevel       = unknown
/bin/universe          = unknown

PATH: /usr/local/sbin
PATH: /usr/local/bin
PATH: /usr/sbin
PATH: /usr/bin
PATH: /sbin
PATH: /bin
PATH: /usr/games
PATH: /usr/local/games


## ----------- ##
## Core tests. ##
## ----------- ##

configure:2513: checking for a BSD-compatible install
configure:2581: result: /usr/bin/install -c
configure:2592: checking whether build environment is sane
configure:2642: result: yes
configure:2783: checking for a thread-safe mkdir -p
configure:2822: result: /bin/mkdir -p
configure:2835: checking for gawk
configure:2865: result: no
configure:2835: checking for mawk
configure:2851: found /usr/bin/mawk
configure:2862: result: mawk
configure:2873: checking whether make sets $(MAKE)
configure:2895: result: yes
configure:2977: checking whether to enable maintainer-specific portions of Makefiles
configure:2986: result: no
configure:3005: checking whether ln -s works
configure:3009: result: yes
configure:3064: checking for gcc
configure:3080: found /usr/bin/gcc
configure:3091: result: gcc
configure:3320: checking for C compiler version
configure:3329: gcc --version >&5
gcc (Ubuntu 4.8.2-19ubuntu1) 4.8.2
Copyright (C) 2013 Free Software Foundation, Inc.
This is free software; see the source for copying conditions.  There is NO
warranty; not even for MERCHANTABILITY or FITNESS FOR A PARTICULAR PURPOSE.

configure:3340: $? = 0
configure:3329: gcc -v >&5
Using built-in specs.
COLLECT_GCC=gcc
COLLECT_LTO_WRAPPER=/usr/lib/gcc/x86_64-linux-gnu/4.8/lto-wrapper
Target: x86_64-linux-gnu
Configured with: ../src/configure -v --with-pkgversion='Ubuntu 4.8.2-19ubuntu1' --with-bugurl=file:///usr/share/doc/gcc-4.8/README.Bugs --enable-languages=c,c++,java,go,d,fortran,objc,obj-c++ --prefix=/usr --program-suffix=-4.8 --enable-shared --enable-linker-build-id --libexecdir=/usr/lib --without-included-gettext --enable-threads=posix --with-gxx-include-dir=/usr/include/c++/4.8 --libdir=/usr/lib --enable-nls --with-sysroot=/ --enable-clocale=gnu --enable-libstdcxx-debug --enable-libstdcxx-time=yes --enable-gnu-unique-object --disable-libmudflap --enable-plugin --with-system-zlib --disable-browser-plugin --enable-java-awt=gtk --enable-gtk-cairo --with-java-home=/usr/lib/jvm/java-1.5.0-gcj-4.8-amd64/jre --enable-java-home --with-jvm-root-dir=/usr/lib/jvm/java-1.5.0-gcj-4.8-amd64 --with-jvm-jar-dir=/usr/lib/jvm-exports/java-1.5.0-gcj-4.8-amd64 --with-arch-directory=amd64 --with-ecj-jar=/usr/share/java/eclipse-ecj.jar --enable-objc-gc --enable-multiarch --disable-werror --with-arch-32=i686 --with-abi=m64 --with-multilib-list=m32,m64,mx32 --with-tune=generic --enable-checking=release --build=x86_64-linux-gnu --host=x86_64-linux-gnu --target=x86_64-linux-gnu
Thread model: posix
gcc version 4.8.2 (Ubuntu 4.8.2-19ubuntu1) 
configure:3340: $? = 0
configure:3329: gcc -V >&5
gcc: error: unrecognized command line option '-V'
gcc: fatal error: no input files
compilation terminated.
configure:3340: $? = 4
configure:3329: gcc -qversion >&5
gcc: error: unrecognized command line option '-qversion'
gcc: fatal error: no input files
compilation terminated.
configure:3340: $? = 4
configure:3360: checking whether the C compiler works
configure:3382: gcc -Wno-long-long    conftest.c  >&5
configure:3386: $? = 0
configure:3435: result: yes
configure:3438: checking for C compiler default output file name
configure:3440: result: a.out
configure:3446: checking for suffix of executables
configure:3453: gcc -o conftest -Wno-long-long    conftest.c  >&5
configure:3457: $? = 0
configure:3479: result: 
configure:3501: checking whether we are cross compiling
configure:3509: gcc -o conftest -Wno-long-long    conftest.c  >&5
configure:3513: $? = 0
configure:3520: ./conftest
configure:3524: $? = 0
configure:3539: result: no
configure:3544: checking for suffix of object files
configure:3566: gcc -c -Wno-long-long   conftest.c >&5
configure:3570: $? = 0
configure:3591: result: o
configure:3595: checking whether we are using the GNU C compiler
configure:3614: gcc -c -Wno-long-long   conftest.c >&5
configure:3614: $? = 0
configure:3623: result: yes
configure:3632: checking whether gcc accepts -g
configure:3652: gcc -c -g  conftest.c >&5
configure:3652: $? = 0
configure:3693: result: yes
configure:3710: checking for gcc option to accept ISO C89
configure:3774: gcc  -c -Wno-long-long   conftest.c >&5
configure:3774: $? = 0
configure:3787: result: none needed
configure:3818: checking for style of include used by make
configure:3846: result: GNU
configure:3871: checking dependency style of gcc
configure:3981: result: gcc3
configure:3997: checking whether gcc and cc understand -c and -o together
configure:4028: gcc -c conftest.c -o conftest2.o >&5
configure:4032: $? = 0
configure:4038: gcc -c conftest.c -o conftest2.o >&5
configure:4042: $? = 0
configure:4053: cc -c conftest.c >&5
configure:4057: $? = 0
configure:4065: cc -c conftest.c -o conftest2.o >&5
configure:4069: $? = 0
configure:4075: cc -c conftest.c -o conftest2.o >&5
configure:4079: $? = 0
configure:4097: result: yes
configure:4127: checking how to run the C preprocessor
configure:4158: gcc -E  conftest.c
configure:4158: $? = 0
configure:4172: gcc -E  conftest.c
conftest.c:11:28: fatal error: ac_nonexistent.h: No such file or directory
 #include <ac_nonexistent.h>
                            ^
compilation terminated.
configure:4172: $? = 1
configure: failed program was:
| /* confdefs.h */
| #define PACKAGE_NAME "Valgrind"
| #define PACKAGE_TARNAME "valgrind"
| #define PACKAGE_VERSION "3.6.1"
| #define PACKAGE_STRING "Valgrind 3.6.1"
| #define PACKAGE_BUGREPORT "valgrind-users@lists.sourceforge.net"
| #define PACKAGE_URL ""
| #define PACKAGE "valgrind"
| #define VERSION "3.6.1"
| /* end confdefs.h.  */
| #include <ac_nonexistent.h>
configure:4197: result: gcc -E
configure:4217: gcc -E  conftest.c
configure:4217: $? = 0
configure:4231: gcc -E  conftest.c
conftest.c:11:28: fatal error: ac_nonexistent.h: No such file or directory
 #include <ac_nonexistent.h>
                            ^
compilation terminated.
configure:4231: $? = 1
configure: failed program was:
| /* confdefs.h */
| #define PACKAGE_NAME "Valgrind"
| #define PACKAGE_TARNAME "valgrind"
| #define PACKAGE_VERSION "3.6.1"
| #define PACKAGE_STRING "Valgrind 3.6.1"
| #define PACKAGE_BUGREPORT "valgrind-users@lists.sourceforge.net"
| #define PACKAGE_URL ""
| #define PACKAGE "valgrind"
| #define VERSION "3.6.1"
| /* end confdefs.h.  */
| #include <ac_nonexistent.h>
configure:4317: checking for g++
configure:4347: result: no
configure:4317: checking for c++
configure:4347: result: no
configure:4317: checking for gpp
configure:4347: result: no
configure:4317: checking for aCC
configure:4347: result: no
configure:4317: checking for CC
configure:4347: result: no
configure:4317: checking for cxx
configure:4347: result: no
configure:4317: checking for cc++
configure:4347: result: no
configure:4317: checking for cl.exe
configure:4347: result: no
configure:4317: checking for FCC
configure:4347: result: no
configure:4317: checking for KCC
configure:4347: result: no
configure:4317: checking for RCC
configure:4347: result: no
configure:4317: checking for xlC_r
configure:4347: result: no
configure:4317: checking for xlC
configure:4347: result: no
configure:4371: checking for C++ compiler version
configure:4380: g++ --version >&5
./configure: line 4382: g++: command not found
configure:4391: $? = 127
configure:4380: g++ -v >&5
./configure: line 4382: g++: command not found
configure:4391: $? = 127
configure:4380: g++ -V >&5
./configure: line 4382: g++: command not found
configure:4391: $? = 127
configure:4380: g++ -qversion >&5
./configure: line 4382: g++: command not found
configure:4391: $? = 127
configure:4395: checking whether we are using the GNU C++ compiler
configure:4414: g++ -c   conftest.cpp >&5
./configure: line 1658: g++: command not found
configure:4414: $? = 127
configure: failed program was:
| /* confdefs.h */
| #define PACKAGE_NAME "Valgrind"
| #define PACKAGE_TARNAME "valgrind"
| #define PACKAGE_VERSION "3.6.1"
| #define PACKAGE_STRING "Valgrind 3.6.1"
| #define PACKAGE_BUGREPORT "valgrind-users@lists.sourceforge.net"
| #define PACKAGE_URL ""
| #define PACKAGE "valgrind"
| #define VERSION "3.6.1"
| /* end confdefs.h.  */
| 
| int
| main ()
| {
| #ifndef __GNUC__
|        choke me
| #endif
| 
|   ;
|   return 0;
| }
configure:4423: result: no
configure:4432: checking whether g++ accepts -g
configure:4452: g++ -c -g  conftest.cpp >&5
./configure: line 1658: g++: command not found
configure:4452: $? = 127
configure: failed program was:
| /* confdefs.h */
| #define PACKAGE_NAME "Valgrind"
| #define PACKAGE_TARNAME "valgrind"
| #define PACKAGE_VERSION "3.6.1"
| #define PACKAGE_STRING "Valgrind 3.6.1"
| #define PACKAGE_BUGREPORT "valgrind-users@lists.sourceforge.net"
| #define PACKAGE_URL ""
| #define PACKAGE "valgrind"
| #define VERSION "3.6.1"
| /* end confdefs.h.  */
| 
| int
| main ()
| {
| 
|   ;
|   return 0;
| }
configure:4467: g++ -c   conftest.cpp >&5
./configure: line 1658: g++: command not found
configure:4467: $? = 127
configure: failed program was:
| /* confdefs.h */
| #define PACKAGE_NAME "Valgrind"
| #define PACKAGE_TARNAME "valgrind"
| #define PACKAGE_VERSION "3.6.1"
| #define PACKAGE_STRING "Valgrind 3.6.1"
| #define PACKAGE_BUGREPORT "valgrind-users@lists.sourceforge.net"
| #define PACKAGE_URL ""
| #define PACKAGE "valgrind"
| #define VERSION "3.6.1"
| /* end confdefs.h.  */
| 
| int
| main ()
| {
| 
|   ;
|   return 0;
| }
configure:4483: g++ -c -g  conftest.cpp >&5
./configure: line 1658: g++: command not found
configure:4483: $? = 127
configure: failed program was:
| /* confdefs.h */
| #define PACKAGE_NAME "Valgrind"
| #define PACKAGE_TARNAME "valgrind"
| #define PACKAGE_VERSION "3.6.1"
| #define PACKAGE_STRING "Valgrind 3.6.1"
| #define PACKAGE_BUGREPORT "valgrind-users@lists.sourceforge.net"
| #define PACKAGE_URL ""
| #define PACKAGE "valgrind"
| #define VERSION "3.6.1"
| /* end confdefs.h.  */
| 
| int
| main ()
| {
| 
|   ;
|   return 0;
| }
configure:4493: result: no
configure:4518: checking dependency style of g++
configure:4628: result: none
configure:4699: checking for ranlib
configure:4715: found /usr/bin/ranlib
configure:4726: result: ranlib
configure:4751: checking for a sed that does not truncate output
configure:4815: result: /bin/sed
configure:4828: checking for ar
configure:4846: found /usr/bin/ar
configure:4858: result: /usr/bin/ar
configure:4881: checking for perl
configure:4899: found /usr/bin/perl
configure:4911: result: /usr/bin/perl
configure:4923: checking for gdb
configure:4941: found /usr/bin/gdb
configure:4954: result: /usr/bin/gdb
configure:4978: checking dependency style of gcc
configure:5086: result: gcc3
configure:5105: checking for diff -u
configure:5114: result: yes
configure:5126: checking for a supported version of gcc
configure:5138: result: ok (4.8.2)
configure:5155: checking build system type
configure:5169: result: x86_64-unknown-linux-gnu
configure:5189: checking host system type
configure:5202: result: x86_64-unknown-linux-gnu
configure:5223: checking for a supported CPU
configure:5238: result: ok (x86_64)
configure:5289: checking for a 64-bit only build
configure:5302: result: no
configure:5306: checking for a 32-bit only build
configure:5319: result: no
configure:5332: checking for a supported OS
configure:5340: result: ok (linux-gnu)
configure:5345: checking for the kernel version
configure:5368: result: unsupported (3.13.0-54-generic)
configure:5370: error: Valgrind works on kernels 2.4, 2.6

## ---------------- ##
## Cache variables. ##
## ---------------- ##

ac_cv_build=x86_64-unknown-linux-gnu
ac_cv_c_compiler_gnu=yes
ac_cv_cxx_compiler_gnu=no
ac_cv_env_AR_set=
ac_cv_env_AR_value=
ac_cv_env_CCASFLAGS_set=
ac_cv_env_CCASFLAGS_value=
ac_cv_env_CCAS_set=
ac_cv_env_CCAS_value=
ac_cv_env_CCC_set=
ac_cv_env_CCC_value=
ac_cv_env_CC_set=
ac_cv_env_CC_value=
ac_cv_env_CFLAGS_set=
ac_cv_env_CFLAGS_value=
ac_cv_env_CPPFLAGS_set=
ac_cv_env_CPPFLAGS_value=
ac_cv_env_CPP_set=
ac_cv_env_CPP_value=
ac_cv_env_CXXFLAGS_set=
ac_cv_env_CXXFLAGS_value=
ac_cv_env_CXX_set=
ac_cv_env_CXX_value=
ac_cv_env_LDFLAGS_set=
ac_cv_env_LDFLAGS_value=
ac_cv_env_LIBS_set=
ac_cv_env_LIBS_value=
ac_cv_env_PKG_CONFIG_set=
ac_cv_env_PKG_CONFIG_value=
ac_cv_env_QTCORE_CFLAGS_set=
ac_cv_env_QTCORE_CFLAGS_value=
ac_cv_env_QTCORE_LIBS_set=
ac_cv_env_QTCORE_LIBS_value=
ac_cv_env_build_alias_set=
ac_cv_env_build_alias_value=
ac_cv_env_host_alias_set=
ac_cv_env_host_alias_value=
ac_cv_env_target_alias_set=
ac_cv_env_target_alias_value=
ac_cv_host=x86_64-unknown-linux-gnu
ac_cv_objext=o
ac_cv_path_AR=/usr/bin/ar
ac_cv_path_GDB=/usr/bin/gdb
ac_cv_path_PERL=/usr/bin/perl
ac_cv_path_SED=/bin/sed
ac_cv_path_install='/usr/bin/install -c'
ac_cv_path_mkdir=/bin/mkdir
ac_cv_prog_AWK=mawk
ac_cv_prog_CPP='gcc -E'
ac_cv_prog_ac_ct_CC=gcc
ac_cv_prog_ac_ct_RANLIB=ranlib
ac_cv_prog_cc_c89=
ac_cv_prog_cc_g=yes
ac_cv_prog_cc_gcc_c_o=yes
ac_cv_prog_cxx_g=no
ac_cv_prog_make_make_set=yes
am_cv_CCAS_dependencies_compiler_type=gcc3
am_cv_CC_dependencies_compiler_type=gcc3
am_cv_CXX_dependencies_compiler_type=none
vg_cv_only32bit=no
vg_cv_only64bit=no

## ----------------- ##
## Output variables. ##
## ----------------- ##

ACLOCAL='${SHELL} /home/stonepresto/Git/learn-C/stonepresto/valgrind-3.6.1/missing --run aclocal-1.11'
AMDEPBACKSLASH='\'
AMDEP_FALSE='#'
AMDEP_TRUE=''
AMTAR='${SHELL} /home/stonepresto/Git/learn-C/stonepresto/valgrind-3.6.1/missing --run tar'
AR='/usr/bin/ar'
AUTOCONF='${SHELL} /home/stonepresto/Git/learn-C/stonepresto/valgrind-3.6.1/missing --run autoconf'
AUTOHEADER='${SHELL} /home/stonepresto/Git/learn-C/stonepresto/valgrind-3.6.1/missing --run autoheader'
AUTOMAKE='${SHELL} /home/stonepresto/Git/learn-C/stonepresto/valgrind-3.6.1/missing --run automake-1.11'
AWK='mawk'
BOOST_CFLAGS=''
BOOST_LIBS=''
BUILD_LZCNT_TESTS_FALSE=''
BUILD_LZCNT_TESTS_TRUE=''
BUILD_MPIWRAP_PRI_FALSE=''
BUILD_MPIWRAP_PRI_TRUE=''
BUILD_MPIWRAP_SEC_FALSE=''
BUILD_MPIWRAP_SEC_TRUE=''
BUILD_PCLMULQDQ_TESTS_FALSE=''
BUILD_PCLMULQDQ_TESTS_TRUE=''
BUILD_SSE3_TESTS_FALSE=''
BUILD_SSE3_TESTS_TRUE=''
BUILD_SSSE3_TESTS_FALSE=''
BUILD_SSSE3_TESTS_TRUE=''
CC='gcc'
CCAS='gcc'
CCASDEPMODE='depmode=gcc3'
CCASFLAGS='-Wno-long-long '
CCDEPMODE='depmode=gcc3'
CFLAGS='-Wno-long-long '
CPP='gcc -E'
CPPFLAGS=''
CXX='g++'
CXXDEPMODE='depmode=none'
CXXFLAGS=''
CYGPATH_W='echo'
DEFAULT_SUPP=''
DEFS=''
DEPDIR='.deps'
DIFF='diff -u'
ECHO_C=''
ECHO_N='-n'
ECHO_T=''
EGREP=''
EXEEXT=''
FLAG_FNO_STACK_PROTECTOR=''
FLAG_M32=''
FLAG_M64=''
FLAG_MAIX32=''
FLAG_MAIX64=''
FLAG_MMMX=''
FLAG_MSSE=''
FLAG_NO_BUILD_ID=''
FLAG_UNLIMITED_INLINE_UNIT_GROWTH=''
FLAG_W_EXTRA=''
FLAG_W_NO_EMPTY_BODY=''
FLAG_W_NO_FORMAT_ZERO_LENGTH=''
FLAG_W_NO_UNINITIALIZED=''
GDB='/usr/bin/gdb'
GLIBC_VERSION=''
GREP=''
HAS_ALTIVEC_FALSE=''
HAS_ALTIVEC_TRUE=''
HAVE_BOOST_1_35_FALSE=''
HAVE_BOOST_1_35_TRUE=''
HAVE_BUILTIN_ATOMIC_FALSE=''
HAVE_BUILTIN_ATOMIC_TRUE=''
HAVE_OPENMP_FALSE=''
HAVE_OPENMP_TRUE=''
HAVE_PTHREAD_BARRIER_FALSE=''
HAVE_PTHREAD_BARRIER_TRUE=''
HAVE_PTHREAD_CREATE_GLIBC_2_0_FALSE=''
HAVE_PTHREAD_CREATE_GLIBC_2_0_TRUE=''
HAVE_PTHREAD_MUTEX_TIMEDLOCK_FALSE=''
HAVE_PTHREAD_MUTEX_TIMEDLOCK_TRUE=''
HAVE_PTHREAD_SPINLOCK_FALSE=''
HAVE_PTHREAD_SPINLOCK_TRUE=''
HAVE_QTCORE_FALSE=''
HAVE_QTCORE_QATOMICINT_FALSE=''
HAVE_QTCORE_QATOMICINT_TRUE=''
HAVE_QTCORE_TRUE=''
INSTALL_DATA='${INSTALL} -m 644'
INSTALL_PROGRAM='${INSTALL}'
INSTALL_SCRIPT='${INSTALL}'
INSTALL_STRIP_PROGRAM='$(install_sh) -c -s'
LDFLAGS=''
LIBOBJS=''
LIBS=''
LN_S='ln -s'
LTLIBOBJS=''
MAINT='#'
MAINTAINER_MODE_FALSE=''
MAINTAINER_MODE_TRUE='#'
MAKEINFO='${SHELL} /home/stonepresto/Git/learn-C/stonepresto/valgrind-3.6.1/missing --run makeinfo'
MKDIR_P='/bin/mkdir -p'
MPI_CC=''
OBJEXT='o'
PACKAGE='valgrind'
PACKAGE_BUGREPORT='valgrind-users@lists.sourceforge.net'
PACKAGE_NAME='Valgrind'
PACKAGE_STRING='Valgrind 3.6.1'
PACKAGE_TARNAME='valgrind'
PACKAGE_URL=''
PACKAGE_VERSION='3.6.1'
PATH_SEPARATOR=':'
PERL='/usr/bin/perl'
PKG_CONFIG=''
PREFERRED_STACK_BOUNDARY=''
QTCORE_CFLAGS=''
QTCORE_LIBS=''
RANLIB='ranlib'
SED='/bin/sed'
SET_MAKE=''
SHELL='/bin/bash'
STRIP=''
VALT_LOAD_ADDRESS_PRI=''
VALT_LOAD_ADDRESS_SEC=''
VERSION='3.6.1'
VGCONF_ARCHS_INCLUDE_AMD64_FALSE=''
VGCONF_ARCHS_INCLUDE_AMD64_TRUE=''
VGCONF_ARCHS_INCLUDE_ARM_FALSE=''
VGCONF_ARCHS_INCLUDE_ARM_TRUE=''
VGCONF_ARCHS_INCLUDE_PPC32_FALSE=''
VGCONF_ARCHS_INCLUDE_PPC32_TRUE=''
VGCONF_ARCHS_INCLUDE_PPC64_FALSE=''
VGCONF_ARCHS_INCLUDE_PPC64_TRUE=''
VGCONF_ARCHS_INCLUDE_X86_FALSE=''
VGCONF_ARCHS_INCLUDE_X86_TRUE=''
VGCONF_ARCH_PRI=''
VGCONF_ARCH_SEC=''
VGCONF_HAVE_PLATFORM_SEC_FALSE=''
VGCONF_HAVE_PLATFORM_SEC_TRUE=''
VGCONF_OS='linux'
VGCONF_OS_IS_AIX5_FALSE=''
VGCONF_OS_IS_AIX5_TRUE=''
VGCONF_OS_IS_DARWIN_FALSE=''
VGCONF_OS_IS_DARWIN_TRUE=''
VGCONF_OS_IS_LINUX_FALSE=''
VGCONF_OS_IS_LINUX_TRUE=''
VGCONF_PLATFORMS_INCLUDE_AMD64_DARWIN_FALSE=''
VGCONF_PLATFORMS_INCLUDE_AMD64_DARWIN_TRUE=''
VGCONF_PLATFORMS_INCLUDE_AMD64_LINUX_FALSE=''
VGCONF_PLATFORMS_INCLUDE_AMD64_LINUX_TRUE=''
VGCONF_PLATFORMS_INCLUDE_ARM_LINUX_FALSE=''
VGCONF_PLATFORMS_INCLUDE_ARM_LINUX_TRUE=''
VGCONF_PLATFORMS_INCLUDE_PPC32_AIX5_FALSE=''
VGCONF_PLATFORMS_INCLUDE_PPC32_AIX5_TRUE=''
VGCONF_PLATFORMS_INCLUDE_PPC32_LINUX_FALSE=''
VGCONF_PLATFORMS_INCLUDE_PPC32_LINUX_TRUE=''
VGCONF_PLATFORMS_INCLUDE_PPC64_AIX5_FALSE=''
VGCONF_PLATFORMS_INCLUDE_PPC64_AIX5_TRUE=''
VGCONF_PLATFORMS_INCLUDE_PPC64_LINUX_FALSE=''
VGCONF_PLATFORMS_INCLUDE_PPC64_LINUX_TRUE=''
VGCONF_PLATFORMS_INCLUDE_X86_DARWIN_FALSE=''
VGCONF_PLATFORMS_INCLUDE_X86_DARWIN_TRUE=''
VGCONF_PLATFORMS_INCLUDE_X86_LINUX_FALSE=''
VGCONF_PLATFORMS_INCLUDE_X86_LINUX_TRUE=''
VGCONF_PLATFORM_PRI_CAPS=''
VGCONF_PLATFORM_SEC_CAPS=''
ac_ct_CC='gcc'
ac_ct_CXX=''
am__EXEEXT_FALSE=''
am__EXEEXT_TRUE=''
am__fastdepCCAS_FALSE='#'
am__fastdepCCAS_TRUE=''
am__fastdepCC_FALSE='#'
am__fastdepCC_TRUE=''
am__fastdepCXX_FALSE=''
am__fastdepCXX_TRUE='#'
am__include='include'
am__isrc=''
am__leading_dot='.'
am__quote=''
am__tar='${AMTAR} chof - "$$tardir"'
am__untar='${AMTAR} xf -'
bindir='${exec_prefix}/bin'
build='x86_64-unknown-linux-gnu'
build_alias=''
build_cpu='x86_64'
build_os='linux-gnu'
build_vendor='unknown'
datadir='${datarootdir}'
datarootdir='${prefix}/share'
docdir='${datarootdir}/doc/${PACKAGE_TARNAME}'
dvidir='${docdir}'
exec_prefix='NONE'
host='x86_64-unknown-linux-gnu'
host_alias=''
host_cpu='x86_64'
host_os='linux-gnu'
host_vendor='unknown'
htmldir='${docdir}'
includedir='${prefix}/include'
infodir='${datarootdir}/info'
install_sh='${SHELL} /home/stonepresto/Git/learn-C/stonepresto/valgrind-3.6.1/install-sh'
libdir='${exec_prefix}/lib'
libexecdir='${exec_prefix}/libexec'
localedir='${datarootdir}/locale'
localstatedir='${prefix}/var'
mandir='${datarootdir}/man'
mkdir_p='/bin/mkdir -p'
oldincludedir='/usr/include'
pdfdir='${docdir}'
prefix='NONE'
program_transform_name='s,x,x,'
psdir='${docdir}'
sbindir='${exec_prefix}/sbin'
sharedstatedir='${prefix}/com'
sysconfdir='${prefix}/etc'
target_alias=''

## ----------- ##
## confdefs.h. ##
## ----------- ##

/* confdefs.h */
#define PACKAGE_NAME "Valgrind"
#define PACKAGE_TARNAME "valgrind"
#define PACKAGE_VERSION "3.6.1"
#define PACKAGE_STRING "Valgrind 3.6.1"
#define PACKAGE_BUGREPORT "valgrind-users@lists.sourceforge.net"
#define PACKAGE_URL ""
#define PACKAGE "valgrind"
#define VERSION "3.6.1"
#define GDB_PATH "/usr/bin/gdb"

configure: exit 1
